<?xml version="1.0" encoding="UTF-8"?>
<!-- Generated by org.testng.reporters.JUnitXMLReporter -->
<testsuite ignored="0" hostname="janu" failures="0" tests="10" name="Default test" time="82.839" errors="0" timestamp="2021-09-27T17:18:02 IST">
  <testcase classname="com.comprehensive_hybrid.runner.Runner" name="Login" time="11.215"/>
  <testcase classname="com.comprehensive_hybrid.runner.Runner" name="DiningTable" time="0.0">
    <skipped/>
  </testcase> <!-- DiningTable -->
  <testcase classname="com.comprehensive_hybrid.runner.Runner" name="Sale" time="10.354"/>
  <testcase classname="com.comprehensive_hybrid.runner.Runner" name="Living" time="8.999"/>
  <testcase classname="com.comprehensive_hybrid.runner.Runner" name="Bedroom" time="8.912"/>
  <testcase classname="com.comprehensive_hybrid.runner.Runner" name="Storage" time="9.144"/>
  <testcase classname="com.comprehensive_hybrid.runner.Runner" name="Study" time="8.483"/>
  <testcase classname="com.comprehensive_hybrid.runner.Runner" name="Kids" time="8.414"/>
  <testcase classname="com.comprehensive_hybrid.runner.Runner" name="GiftCard" time="10.233"/>
  <testcase classname="com.comprehensive_hybrid.runner.Runner" name="BulkOrder" time="2.9"/>
</testsuite> <!-- Default test -->
